<?xml version="1.0" encoding="UTF-8"?>
<!-- Generated by org.testng.reporters.JUnitReportReporter -->
<testsuite hostname="Jagan" failures="0" tests="1" name="day5.ParsingXMLResponse" time="3.159" errors="0" timestamp="2025-07-06T13:14:54 IST" skipped="0">
  <testcase classname="day5.ParsingXMLResponse" name="testXMLResponseBodyData" time="3.159"/>
</testsuite> <!-- day5.ParsingXMLResponse -->
