<?xml version="1.0" encoding="UTF-8"?>
<!-- Generated by org.testng.reporters.JUnitReportReporter -->
<testsuite hostname="Jagan" failures="0" tests="4" name="RestAssured.RestAssured.HTTPRequests" time="6.206" errors="0" timestamp="2025-06-18T10:29:00 IST" skipped="0">
  <testcase classname="RestAssured.RestAssured.HTTPRequests" name="getUsers" time="3.623"/>
  <testcase classname="RestAssured.RestAssured.HTTPRequests" name="createUser" time="1.121"/>
  <testcase classname="RestAssured.RestAssured.HTTPRequests" name="updateUser" time="0.841"/>
  <testcase classname="RestAssured.RestAssured.HTTPRequests" name="deleteUser" time="0.621"/>
</testsuite> <!-- RestAssured.RestAssured.HTTPRequests -->
