<?xml version="1.0" encoding="UTF-8"?>
<!-- Generated by org.testng.reporters.JUnitReportReporter -->
<testsuite hostname="Jagan" failures="0" tests="1" name="day6.SerializationDeserialization" time="0.373" errors="0" timestamp="2025-07-06T21:10:39 IST" skipped="0">
  <testcase classname="day6.SerializationDeserialization" name="convertJson2Pojo" time="0.373"/>
</testsuite> <!-- day6.SerializationDeserialization -->
