<?xml version="1.0" encoding="UTF-8"?>
<!-- Generated by org.testng.reporters.JUnitReportReporter -->
<testsuite hostname="Jagan" failures="0" tests="1" name="day8.GetUser" time="0.776" errors="0" timestamp="2025-07-11T11:54:21 IST" skipped="0">
  <testcase classname="day8.GetUser" name="getUser" time="0.776"/>
</testsuite> <!-- day8.GetUser -->
