<?xml version="1.0" encoding="UTF-8"?>
<!-- Generated by org.testng.reporters.JUnitReportReporter -->
<testsuite hostname="Jagan" failures="0" tests="1" name="day6.JSONSchemaValidation" time="1.778" errors="0" timestamp="2025-07-06T16:10:09 IST" skipped="0">
  <testcase classname="day6.JSONSchemaValidation" name="jsonSchemaValidation" time="1.778"/>
</testsuite> <!-- day6.JSONSchemaValidation -->
