<?xml version="1.0" encoding="UTF-8"?>
<!-- Generated by org.testng.reporters.JUnitReportReporter -->
<testsuite hostname="Jagan" failures="0" tests="1" name="day4.ParsingJSONReaponseData" time="2.140" errors="0" timestamp="2025-07-05T19:46:12 IST" skipped="0">
  <testcase classname="day4.ParsingJSONReaponseData" name="testJSONResponseBodyData" time="2.140"/>
</testsuite> <!-- day4.ParsingJSONReaponseData -->
