<?xml version="1.0" encoding="UTF-8"?>
<!-- Generated by org.testng.reporters.JUnitReportReporter -->
<testsuite hostname="Jagan" failures="0" tests="1" name="day8.DeleteUser" time="3.372" errors="0" timestamp="2025-07-11T11:54:21 IST" skipped="0">
  <testcase classname="day8.DeleteUser" name="deleteUser" time="3.372"/>
</testsuite> <!-- day8.DeleteUser -->
