<?xml version="1.0" encoding="UTF-8"?>
<!-- Generated by org.testng.reporters.JUnitReportReporter -->
<testsuite hostname="Jagan" failures="0" tests="1" name="day3.PathAndQueryParamerters" time="3.327" errors="0" timestamp="2025-07-04T11:23:13 IST" skipped="0">
  <testcase classname="day3.PathAndQueryParamerters" name="testQueryAndPathParameters" time="3.327"/>
</testsuite> <!-- day3.PathAndQueryParamerters -->
