<?xml version="1.0" encoding="UTF-8"?>
<!-- Generated by org.testng.reporters.JUnitReportReporter -->
<testsuite hostname="Jagan" failures="0" tests="1" name="day7.FakerDataGenerator" time="0.201" errors="0" timestamp="2025-07-07T20:39:33 IST" skipped="0">
  <testcase classname="day7.FakerDataGenerator" name="testGenerateDummyData" time="0.201"/>
</testsuite> <!-- day7.FakerDataGenerator -->
