<?xml version="1.0" encoding="UTF-8"?>
<!-- Generated by org.testng.reporters.JUnitReportReporter -->
<testsuite hostname="Jagan" failures="0" tests="1" name="day2.WaysToCreate_POST_RequestBody" time="3.285" errors="0" timestamp="2025-07-11T12:43:10 IST" skipped="0">
  <testcase classname="day2.WaysToCreate_POST_RequestBody" name="testPostUsing_ExternalJSONFile" time="3.285"/>
</testsuite> <!-- day2.WaysToCreate_POST_RequestBody -->
