<?xml version="1.0" encoding="UTF-8"?>
<!-- Generated by org.testng.reporters.JUnitReportReporter -->
<testsuite hostname="Jagan" failures="0" tests="1" name="day5.FileUploadAndDownload" time="2.332" errors="0" timestamp="2025-07-06T15:27:09 IST" skipped="0">
  <testcase classname="day5.FileUploadAndDownload" name="fileDownload" time="2.332"/>
</testsuite> <!-- day5.FileUploadAndDownload -->
