<?xml version="1.0" encoding="UTF-8"?>
<!-- Generated by org.testng.reporters.JUnitReportReporter -->
<testsuite hostname="Jagan" failures="0" tests="1" name="day3.LoggingDemo" time="4.324" errors="0" timestamp="2025-07-05T13:15:01 IST" skipped="0">
  <testcase classname="day3.LoggingDemo" name="tesLogs" time="4.324"/>
</testsuite> <!-- day3.LoggingDemo -->
