<?xml version="1.0" encoding="UTF-8"?>
<!-- Generated by org.testng.reporters.JUnitReportReporter -->
<testsuite hostname="Jagan" failures="0" tests="1" name="day8.UpdateUser" time="1.141" errors="0" timestamp="2025-07-11T11:54:21 IST" skipped="0">
  <testcase classname="day8.UpdateUser" name="updateUser" time="1.141"/>
</testsuite> <!-- day8.UpdateUser -->
