<?xml version="1.0" encoding="UTF-8"?>
<!-- Generated by org.testng.reporters.JUnitReportReporter -->
<testsuite hostname="Jagan" failures="0" tests="1" name="day6.XMLSchemaValidation" time="2.539" errors="0" timestamp="2025-07-06T16:52:29 IST" skipped="0">
  <testcase classname="day6.XMLSchemaValidation" name="xmlSchemaValidation" time="2.539"/>
</testsuite> <!-- day6.XMLSchemaValidation -->
